Using pre-set license
Built from '2021.1/staging' branch; Version is '2021.1.2f1 (e5d502d80fbb) revision 15062274'; Using compiler version '192528614'; Build Type 'Release'
OS: 'Windows 10 Home; OS build 19042.928; Version 2009; 64bit' Language: 'en' Physical Memory: 16249 MB
BatchMode: 1, IsHumanControllingUs: 0, StartBugReporterOnCrash: 0, Is64bit: 1, IsPro: 0

 COMMAND LINE ARGUMENTS:
C:\Program Files\Unity\2021.1.2f1\Editor\Unity.exe
-adb2
-batchMode
-noUpm
-name
AssetImportWorker5
-projectPath
D:/Folders/Documents/LocalProjects/Unity/Ldjam48/Ldjam48/Ldjam48
-logFile
Logs/AssetImportWorker5.log
-srvPort
59597
Successfully changed project path to: D:/Folders/Documents/LocalProjects/Unity/Ldjam48/Ldjam48/Ldjam48
D:/Folders/Documents/LocalProjects/Unity/Ldjam48/Ldjam48/Ldjam48
Using Asset Import Pipeline V2.
Refreshing native plugins compatible for Editor in 134.21 ms, found 1 plugins.
Preloading 0 native plugins for Editor in 0.00 ms.
Initialize engine version: 2021.1.2f1 (e5d502d80fbb)
[Subsystems] Discovering subsystems at path C:/Program Files/Unity/2021.1.2f1/Editor/Data/Resources/UnitySubsystems
[Subsystems] Discovering subsystems at path D:/Folders/Documents/LocalProjects/Unity/Ldjam48/Ldjam48/Ldjam48/Assets
GfxDevice: creating device client; threaded=0; jobified=0
Direct3D:
    Version:  Direct3D 11.0 [level 11.1]
    Renderer: NVIDIA GeForce GTX 1060 with Max-Q Design (ID=0x1c20)
    Vendor:   NVIDIA
    VRAM:     6052 MB
    Driver:   27.21.14.6627
Initialize mono
Mono path[0] = 'C:/Program Files/Unity/2021.1.2f1/Editor/Data/Managed'
Mono path[1] = 'C:/Program Files/Unity/2021.1.2f1/Editor/Data/MonoBleedingEdge/lib/mono/unityjit'
Mono config path = 'C:/Program Files/Unity/2021.1.2f1/Editor/Data/MonoBleedingEdge/etc'
Using monoOptions --debugger-agent=transport=dt_socket,embedding=1,server=y,suspend=n,address=127.0.0.1:56324
Begin MonoManager ReloadAssembly
Registering precompiled unity dll's ...
Register platform support module: C:/Program Files/Unity/2021.1.2f1/Editor/Data/PlaybackEngines/WebGLSupport/UnityEditor.WebGL.Extensions.dll
Register platform support module: C:/Program Files/Unity/2021.1.2f1/Editor/Data/PlaybackEngines/WindowsStandaloneSupport/UnityEditor.WindowsStandalone.Extensions.dll
Registered in 0.003427 seconds.
Native extension for WindowsStandalone target not found
Native extension for WebGL target not found
Refreshing native plugins compatible for Editor in 119.20 ms, found 1 plugins.
Preloading 0 native plugins for Editor in 0.00 ms.
Mono: successfully reloaded assembly
- Completed reload, in  1.880 seconds
Platform modules already initialized, skipping
Registering precompiled user dll's ...
Registered in 0.007796 seconds.
Begin MonoManager ReloadAssembly
Native extension for WindowsStandalone target not found
Native extension for WebGL target not found
Refreshing native plugins compatible for Editor in 151.95 ms, found 1 plugins.
Preloading 0 native plugins for Editor in 0.00 ms.
Mono: successfully reloaded assembly
- Completed reload, in  4.455 seconds
Platform modules already initialized, skipping
========================================================================
Worker process is ready to serve import requests
Shader 'Universal Render Pipeline/Particles/Lit': fallback shader 'Universal Render Pipeline/Particles/SimpleLit' not found
Shader 'Universal Render Pipeline/Particles/Lit': fallback shader 'Universal Render Pipeline/Particles/SimpleLit' not found
Launched and connected shader compiler UnityShaderCompiler.exe after 0.07 seconds
Refreshing native plugins compatible for Editor in 1.38 ms, found 1 plugins.
Preloading 0 native plugins for Editor in 0.00 ms.
Unloading 4435 Unused Serialized files (Serialized files now loaded: 0)
System memory in use before: 177.6 MB.
System memory in use after: 175.5 MB.

Unloading 147 unused Assets to reduce memory usage. Loaded Objects now: 4841.
Total: 4.597700 ms (FindLiveObjects: 0.343600 ms CreateObjectMapping: 0.252000 ms MarkObjects: 2.852600 ms  DeleteObjects: 1.148100 ms)

========================================================================
Received Import Request.
  path: Assets/Scripts/Banners/Options/DefenseOption.cs
  artifactKey: Guid(36ac49f303e4391418c6caf67a24b694) Importer(815301076,1909f56bfc062723c751e8b465ee728b)
Start importing Assets/Scripts/Banners/Options/DefenseOption.cs using Guid(36ac49f303e4391418c6caf67a24b694) Importer(815301076,1909f56bfc062723c751e8b465ee728b)  -> (artifact id: '00000000000000000000000000000000') in 0.033826 seconds  code(4) message(Build asset version error: assets/scripts/banners/options/defenseoption.cs in SourceAssetDB has modification time of '2021-05-01T22:22:52.8895811Z' while content on disk has modification time of '2021-05-01T22:25:22.624412Z')
  ERROR: Build asset version error: assets/scripts/banners/options/defenseoption.cs in SourceAssetDB has modification time of '2021-05-01T22:22:52.8895811Z' while content on disk has modification time of '2021-05-01T22:25:22.624412Z'
========================================================================
Received Prepare
Registering precompiled user dll's ...
Registered in 0.009209 seconds.
Begin MonoManager ReloadAssembly
Native extension for WindowsStandalone target not found
Native extension for WebGL target not found
Refreshing native plugins compatible for Editor in 1.08 ms, found 1 plugins.
Preloading 0 native plugins for Editor in 0.00 ms.
Warning: Annotation not found!
UnityEngine.StackTraceUtility:ExtractStackTrace ()
UnityEditor.ProBuilder.EditorUtility:SetGizmoIconEnabled (System.Type,bool) (at Library/PackageCache/com.unity.probuilder@5.0.3/Editor/EditorCore/EditorUtility.cs:575)
UnityEditor.ProBuilder.HierarchyListener:.cctor () (at Library/PackageCache/com.unity.probuilder@5.0.3/Editor/EditorCore/HierarchyListener.cs:21)
System.Runtime.CompilerServices.RuntimeHelpers:RunClassConstructor (System.RuntimeTypeHandle)
UnityEditor.EditorAssemblies:ProcessInitializeOnLoadAttributes (System.Type[])

[Library/PackageCache/com.unity.probuilder@5.0.3/Editor/EditorCore/EditorUtility.cs line 575]

Mono: successfully reloaded assembly
- Completed reload, in  1.542 seconds
Platform modules already initialized, skipping
Shader 'Universal Render Pipeline/Particles/Lit': fallback shader 'Universal Render Pipeline/Particles/SimpleLit' not found
Shader 'Universal Render Pipeline/Particles/Lit': fallback shader 'Universal Render Pipeline/Particles/SimpleLit' not found
Refreshing native plugins compatible for Editor in 0.84 ms, found 1 plugins.
Preloading 0 native plugins for Editor in 0.00 ms.
Unloading 4320 Unused Serialized files (Serialized files now loaded: 0)
System memory in use before: 171.2 MB.
System memory in use after: 169.2 MB.

Unloading 48 unused Assets to reduce memory usage. Loaded Objects now: 4844.
Total: 6.461000 ms (FindLiveObjects: 0.336900 ms CreateObjectMapping: 0.246200 ms MarkObjects: 4.319500 ms  DeleteObjects: 1.556900 ms)

========================================================================
Received Import Request.
  Time since last request: 1787.079198 seconds.
  path: Assets/Scripts/Banners/Options/DefenseOption.cs
  artifactKey: Guid(36ac49f303e4391418c6caf67a24b694) Importer(815301076,1909f56bfc062723c751e8b465ee728b)
Start importing Assets/Scripts/Banners/Options/DefenseOption.cs using Guid(36ac49f303e4391418c6caf67a24b694) Importer(815301076,1909f56bfc062723c751e8b465ee728b)  -> (artifact id: 'b25bcb4c111976f4f9b2ba62da886916') in 0.013450 seconds 
========================================================================
Received Import Request.
  Time since last request: 431.310498 seconds.
  path: Assets/Models/TowerFast.fbx
  artifactKey: Guid(95eaf442434eea9428133386f8cd2dbd) Importer(815301076,1909f56bfc062723c751e8b465ee728b)
Start importing Assets/Models/TowerFast.fbx using Guid(95eaf442434eea9428133386f8cd2dbd) Importer(815301076,1909f56bfc062723c751e8b465ee728b)  -> (artifact id: 'c329efc0e0eb8a20638012140378fb0e') in 0.461397 seconds 
========================================================================
Received Import Request.
  Time since last request: 160.653080 seconds.
  path: Assets/Prefabs/Fighters/CrossbowSlow.prefab
  artifactKey: Guid(9cd147c4893023b4fa39be28ff7054c5) Importer(815301076,1909f56bfc062723c751e8b465ee728b)
Start importing Assets/Prefabs/Fighters/CrossbowSlow.prefab using Guid(9cd147c4893023b4fa39be28ff7054c5) Importer(815301076,1909f56bfc062723c751e8b465ee728b)  -> (artifact id: 'b1fc24f36b7d4acaac8482c1a9eac9f9') in 0.056605 seconds 
========================================================================
Received Import Request.
  Time since last request: 3.387189 seconds.
  path: Assets/Prefabs/Fighters/CrossbowFast.prefab
  artifactKey: Guid(31cf4ad06698be340b26347ed9ed0e5e) Importer(815301076,1909f56bfc062723c751e8b465ee728b)
Start importing Assets/Prefabs/Fighters/CrossbowFast.prefab using Guid(31cf4ad06698be340b26347ed9ed0e5e) Importer(815301076,1909f56bfc062723c751e8b465ee728b)  -> (artifact id: '28ef43deb4a179a056d9e29d1e0d1028') in 0.019345 seconds 
========================================================================
Received Import Request.
  Time since last request: 1170.855707 seconds.
  path: Assets/ScriptableObjects/Options/OptionData.asset
  artifactKey: Guid(32ab6faa849ad2f4eb61be310403664a) Importer(815301076,1909f56bfc062723c751e8b465ee728b)
Start importing Assets/ScriptableObjects/Options/OptionData.asset using Guid(32ab6faa849ad2f4eb61be310403664a) Importer(815301076,1909f56bfc062723c751e8b465ee728b)  -> (artifact id: 'a007b4880f809ac0268aa6cb6c760100') in 0.016354 seconds 
========================================================================
Received Import Request.
  Time since last request: 96.326702 seconds.
  path: Assets/ScriptableObjects/Options/FastTurret.asset
  artifactKey: Guid(32ab6faa849ad2f4eb61be310403664a) Importer(815301076,1909f56bfc062723c751e8b465ee728b)
Start importing Assets/ScriptableObjects/Options/FastTurret.asset using Guid(32ab6faa849ad2f4eb61be310403664a) Importer(815301076,1909f56bfc062723c751e8b465ee728b)  -> (artifact id: '0aae85201be38ab11576ac8a037d5685') in 0.008895 seconds 
========================================================================
Received Import Request.
  Time since last request: 1.797262 seconds.
  path: Assets/ScriptableObjects/Options/FastTurret 1.asset
  artifactKey: Guid(22601a419ce6e5f4b8468e4e1bcdd5ea) Importer(815301076,1909f56bfc062723c751e8b465ee728b)
Start importing Assets/ScriptableObjects/Options/FastTurret 1.asset using Guid(22601a419ce6e5f4b8468e4e1bcdd5ea) Importer(815301076,1909f56bfc062723c751e8b465ee728b)  -> (artifact id: 'beacbac01638737998fcb0da64b64ab0') in 0.009117 seconds 
========================================================================
Received Import Request.
  Time since last request: 8.645046 seconds.
  path: Assets/ScriptableObjects/Options/TurretFast.asset
  artifactKey: Guid(22601a419ce6e5f4b8468e4e1bcdd5ea) Importer(815301076,1909f56bfc062723c751e8b465ee728b)
Start importing Assets/ScriptableObjects/Options/TurretFast.asset using Guid(22601a419ce6e5f4b8468e4e1bcdd5ea) Importer(815301076,1909f56bfc062723c751e8b465ee728b)  -> (artifact id: '0dbc0050461084ba91d966f7568f9228') in 0.009223 seconds 
========================================================================
Received Import Request.
  Time since last request: 1.517702 seconds.
  path: Assets/ScriptableObjects/Options/FastTurret.asset
  artifactKey: Guid(32ab6faa849ad2f4eb61be310403664a) Importer(815301076,1909f56bfc062723c751e8b465ee728b)
Start importing Assets/ScriptableObjects/Options/FastTurret.asset using Guid(32ab6faa849ad2f4eb61be310403664a) Importer(815301076,1909f56bfc062723c751e8b465ee728b)  -> (artifact id: '5c696a59926438b34ca88f236edaa836') in 0.005617 seconds 
========================================================================
Received Import Request.
  Time since last request: 5.201785 seconds.
  path: Assets/ScriptableObjects/Options/TurretFast 1.asset
  artifactKey: Guid(2957d23b87b25154b8e84abe61a1a900) Importer(815301076,1909f56bfc062723c751e8b465ee728b)
Start importing Assets/ScriptableObjects/Options/TurretFast 1.asset using Guid(2957d23b87b25154b8e84abe61a1a900) Importer(815301076,1909f56bfc062723c751e8b465ee728b)  -> (artifact id: '2cce20d6e1bb9593fe7c134ac4378790') in 0.009405 seconds 
========================================================================
Received Import Request.
  Time since last request: 4.329921 seconds.
  path: Assets/ScriptableObjects/Options/TurretSlow.asset
  artifactKey: Guid(2957d23b87b25154b8e84abe61a1a900) Importer(815301076,1909f56bfc062723c751e8b465ee728b)
Start importing Assets/ScriptableObjects/Options/TurretSlow.asset using Guid(2957d23b87b25154b8e84abe61a1a900) Importer(815301076,1909f56bfc062723c751e8b465ee728b)  -> (artifact id: '88510ad21909542377d3c5b9766c3b2d') in 0.008842 seconds 
========================================================================
Received Import Request.
  Time since last request: 28.919756 seconds.
  path: Assets/ScriptableObjects/Options/TurretSlow.asset
  artifactKey: Guid(2957d23b87b25154b8e84abe61a1a900) Importer(815301076,1909f56bfc062723c751e8b465ee728b)
Start importing Assets/ScriptableObjects/Options/TurretSlow.asset using Guid(2957d23b87b25154b8e84abe61a1a900) Importer(815301076,1909f56bfc062723c751e8b465ee728b)  -> (artifact id: 'cf61c177be5c01275ba3a52bd9a9dc9d') in 0.004712 seconds 
========================================================================
Received Prepare
Registering precompiled user dll's ...
Registered in 0.009126 seconds.
Begin MonoManager ReloadAssembly
Native extension for WindowsStandalone target not found
Native extension for WebGL target not found
Refreshing native plugins compatible for Editor in 0.86 ms, found 1 plugins.
Preloading 0 native plugins for Editor in 0.00 ms.
Warning: Annotation not found!
UnityEngine.StackTraceUtility:ExtractStackTrace ()
UnityEditor.ProBuilder.EditorUtility:SetGizmoIconEnabled (System.Type,bool) (at Library/PackageCache/com.unity.probuilder@5.0.3/Editor/EditorCore/EditorUtility.cs:575)
UnityEditor.ProBuilder.HierarchyListener:.cctor () (at Library/PackageCache/com.unity.probuilder@5.0.3/Editor/EditorCore/HierarchyListener.cs:21)
System.Runtime.CompilerServices.RuntimeHelpers:RunClassConstructor (System.RuntimeTypeHandle)
UnityEditor.EditorAssemblies:ProcessInitializeOnLoadAttributes (System.Type[])

[Library/PackageCache/com.unity.probuilder@5.0.3/Editor/EditorCore/EditorUtility.cs line 575]

Mono: successfully reloaded assembly
- Completed reload, in  1.526 seconds
Platform modules already initialized, skipping
Shader 'Universal Render Pipeline/Particles/Lit': fallback shader 'Universal Render Pipeline/Particles/SimpleLit' not found
Shader 'Universal Render Pipeline/Particles/Lit': fallback shader 'Universal Render Pipeline/Particles/SimpleLit' not found
Refreshing native plugins compatible for Editor in 0.83 ms, found 1 plugins.
Preloading 0 native plugins for Editor in 0.00 ms.
Unloading 4320 Unused Serialized files (Serialized files now loaded: 0)
System memory in use before: 177.5 MB.
System memory in use after: 175.5 MB.

Unloading 48 unused Assets to reduce memory usage. Loaded Objects now: 4895.
Total: 5.076700 ms (FindLiveObjects: 0.590100 ms CreateObjectMapping: 0.475700 ms MarkObjects: 2.983200 ms  DeleteObjects: 1.025400 ms)

========================================================================
Received Prepare
Registering precompiled user dll's ...
Registered in 0.007748 seconds.
Begin MonoManager ReloadAssembly
Native extension for WindowsStandalone target not found
Native extension for WebGL target not found
Refreshing native plugins compatible for Editor in 0.81 ms, found 1 plugins.
Preloading 0 native plugins for Editor in 0.00 ms.
Warning: Annotation not found!
UnityEngine.StackTraceUtility:ExtractStackTrace ()
UnityEditor.ProBuilder.EditorUtility:SetGizmoIconEnabled (System.Type,bool) (at Library/PackageCache/com.unity.probuilder@5.0.3/Editor/EditorCore/EditorUtility.cs:575)
UnityEditor.ProBuilder.HierarchyListener:.cctor () (at Library/PackageCache/com.unity.probuilder@5.0.3/Editor/EditorCore/HierarchyListener.cs:21)
System.Runtime.CompilerServices.RuntimeHelpers:RunClassConstructor (System.RuntimeTypeHandle)
UnityEditor.EditorAssemblies:ProcessInitializeOnLoadAttributes (System.Type[])

[Library/PackageCache/com.unity.probuilder@5.0.3/Editor/EditorCore/EditorUtility.cs line 575]

Mono: successfully reloaded assembly
- Completed reload, in  1.541 seconds
Platform modules already initialized, skipping
Shader 'Universal Render Pipeline/Particles/Lit': fallback shader 'Universal Render Pipeline/Particles/SimpleLit' not found
Shader 'Universal Render Pipeline/Particles/Lit': fallback shader 'Universal Render Pipeline/Particles/SimpleLit' not found
Refreshing native plugins compatible for Editor in 0.81 ms, found 1 plugins.
Preloading 0 native plugins for Editor in 0.00 ms.
Unloading 4320 Unused Serialized files (Serialized files now loaded: 0)
System memory in use before: 177.6 MB.
System memory in use after: 175.6 MB.

Unloading 48 unused Assets to reduce memory usage. Loaded Objects now: 4898.
Total: 4.646400 ms (FindLiveObjects: 0.367500 ms CreateObjectMapping: 0.237400 ms MarkObjects: 2.821800 ms  DeleteObjects: 1.218400 ms)

========================================================================
Received Prepare
Registering precompiled user dll's ...
Registered in 0.007942 seconds.
Begin MonoManager ReloadAssembly
Native extension for WindowsStandalone target not found
Native extension for WebGL target not found
Refreshing native plugins compatible for Editor in 0.76 ms, found 1 plugins.
Preloading 0 native plugins for Editor in 0.00 ms.
Warning: Annotation not found!
UnityEngine.StackTraceUtility:ExtractStackTrace ()
UnityEditor.ProBuilder.EditorUtility:SetGizmoIconEnabled (System.Type,bool) (at Library/PackageCache/com.unity.probuilder@5.0.3/Editor/EditorCore/EditorUtility.cs:575)
UnityEditor.ProBuilder.HierarchyListener:.cctor () (at Library/PackageCache/com.unity.probuilder@5.0.3/Editor/EditorCore/HierarchyListener.cs:21)
System.Runtime.CompilerServices.RuntimeHelpers:RunClassConstructor (System.RuntimeTypeHandle)
UnityEditor.EditorAssemblies:ProcessInitializeOnLoadAttributes (System.Type[])

[Library/PackageCache/com.unity.probuilder@5.0.3/Editor/EditorCore/EditorUtility.cs line 575]

Mono: successfully reloaded assembly
- Completed reload, in  1.401 seconds
Platform modules already initialized, skipping
Shader 'Universal Render Pipeline/Particles/Lit': fallback shader 'Universal Render Pipeline/Particles/SimpleLit' not found
Shader 'Universal Render Pipeline/Particles/Lit': fallback shader 'Universal Render Pipeline/Particles/SimpleLit' not found
Refreshing native plugins compatible for Editor in 0.77 ms, found 1 plugins.
Preloading 0 native plugins for Editor in 0.00 ms.
Unloading 4320 Unused Serialized files (Serialized files now loaded: 0)
System memory in use before: 177.5 MB.
System memory in use after: 175.4 MB.

Unloading 48 unused Assets to reduce memory usage. Loaded Objects now: 4901.
Total: 5.369700 ms (FindLiveObjects: 0.687000 ms CreateObjectMapping: 0.571900 ms MarkObjects: 3.028600 ms  DeleteObjects: 1.080100 ms)

========================================================================
Received Prepare
Registering precompiled user dll's ...
Registered in 0.007185 seconds.
Begin MonoManager ReloadAssembly
Native extension for WindowsStandalone target not found
Native extension for WebGL target not found
Refreshing native plugins compatible for Editor in 1.52 ms, found 1 plugins.
Preloading 0 native plugins for Editor in 0.00 ms.
Warning: Annotation not found!
UnityEngine.StackTraceUtility:ExtractStackTrace ()
UnityEditor.ProBuilder.EditorUtility:SetGizmoIconEnabled (System.Type,bool) (at Library/PackageCache/com.unity.probuilder@5.0.3/Editor/EditorCore/EditorUtility.cs:575)
UnityEditor.ProBuilder.HierarchyListener:.cctor () (at Library/PackageCache/com.unity.probuilder@5.0.3/Editor/EditorCore/HierarchyListener.cs:21)
System.Runtime.CompilerServices.RuntimeHelpers:RunClassConstructor (System.RuntimeTypeHandle)
UnityEditor.EditorAssemblies:ProcessInitializeOnLoadAttributes (System.Type[])

[Library/PackageCache/com.unity.probuilder@5.0.3/Editor/EditorCore/EditorUtility.cs line 575]

Mono: successfully reloaded assembly
- Completed reload, in  1.557 seconds
Platform modules already initialized, skipping
Shader 'Universal Render Pipeline/Particles/Lit': fallback shader 'Universal Render Pipeline/Particles/SimpleLit' not found
Shader 'Universal Render Pipeline/Particles/Lit': fallback shader 'Universal Render Pipeline/Particles/SimpleLit' not found
Refreshing native plugins compatible for Editor in 0.94 ms, found 1 plugins.
Preloading 0 native plugins for Editor in 0.00 ms.
Unloading 4320 Unused Serialized files (Serialized files now loaded: 0)
System memory in use before: 177.5 MB.
System memory in use after: 175.4 MB.

Unloading 48 unused Assets to reduce memory usage. Loaded Objects now: 4904.
Total: 4.812800 ms (FindLiveObjects: 0.459200 ms CreateObjectMapping: 0.342000 ms MarkObjects: 2.990500 ms  DeleteObjects: 1.019600 ms)

========================================================================
Received Prepare
Registering precompiled user dll's ...
Registered in 0.009213 seconds.
Begin MonoManager ReloadAssembly
Native extension for WindowsStandalone target not found
Native extension for WebGL target not found
Refreshing native plugins compatible for Editor in 1.33 ms, found 1 plugins.
Preloading 0 native plugins for Editor in 0.00 ms.
Warning: Annotation not found!
UnityEngine.StackTraceUtility:ExtractStackTrace ()
UnityEditor.ProBuilder.EditorUtility:SetGizmoIconEnabled (System.Type,bool) (at Library/PackageCache/com.unity.probuilder@5.0.3/Editor/EditorCore/EditorUtility.cs:575)
UnityEditor.ProBuilder.HierarchyListener:.cctor () (at Library/PackageCache/com.unity.probuilder@5.0.3/Editor/EditorCore/HierarchyListener.cs:21)
System.Runtime.CompilerServices.RuntimeHelpers:RunClassConstructor (System.RuntimeTypeHandle)
UnityEditor.EditorAssemblies:ProcessInitializeOnLoadAttributes (System.Type[])

[Library/PackageCache/com.unity.probuilder@5.0.3/Editor/EditorCore/EditorUtility.cs line 575]

Mono: successfully reloaded assembly
- Completed reload, in  1.751 seconds
Platform modules already initialized, skipping
Shader 'Universal Render Pipeline/Particles/Lit': fallback shader 'Universal Render Pipeline/Particles/SimpleLit' not found
Shader 'Universal Render Pipeline/Particles/Lit': fallback shader 'Universal Render Pipeline/Particles/SimpleLit' not found
Refreshing native plugins compatible for Editor in 1.26 ms, found 1 plugins.
Preloading 0 native plugins for Editor in 0.00 ms.
Unloading 4320 Unused Serialized files (Serialized files now loaded: 0)
System memory in use before: 177.5 MB.
System memory in use after: 175.5 MB.

Unloading 48 unused Assets to reduce memory usage. Loaded Objects now: 4907.
Total: 5.336500 ms (FindLiveObjects: 0.408600 ms CreateObjectMapping: 0.361200 ms MarkObjects: 3.529100 ms  DeleteObjects: 1.036000 ms)

AssetImportWorkerClient::OnTransportError - code=2 error=End of file
