Using pre-set license
Built from '2021.1/staging' branch; Version is '2021.1.2f1 (e5d502d80fbb) revision 15062274'; Using compiler version '192528614'; Build Type 'Release'
OS: 'Windows 10 Home; OS build 19042.928; Version 2009; 64bit' Language: 'en' Physical Memory: 16249 MB
BatchMode: 1, IsHumanControllingUs: 0, StartBugReporterOnCrash: 0, Is64bit: 1, IsPro: 0

 COMMAND LINE ARGUMENTS:
C:\Program Files\Unity\2021.1.2f1\Editor\Unity.exe
-adb2
-batchMode
-noUpm
-name
AssetImportWorker1
-projectPath
D:/Folders/Documents/LocalProjects/Unity/Ldjam48/Ldjam48/Ldjam48
-logFile
Logs/AssetImportWorker1.log
-srvPort
56568
Successfully changed project path to: D:/Folders/Documents/LocalProjects/Unity/Ldjam48/Ldjam48/Ldjam48
D:/Folders/Documents/LocalProjects/Unity/Ldjam48/Ldjam48/Ldjam48
Using Asset Import Pipeline V2.
Refreshing native plugins compatible for Editor in 122.74 ms, found 1 plugins.
Preloading 0 native plugins for Editor in 0.00 ms.
Initialize engine version: 2021.1.2f1 (e5d502d80fbb)
[Subsystems] Discovering subsystems at path C:/Program Files/Unity/2021.1.2f1/Editor/Data/Resources/UnitySubsystems
[Subsystems] Discovering subsystems at path D:/Folders/Documents/LocalProjects/Unity/Ldjam48/Ldjam48/Ldjam48/Assets
GfxDevice: creating device client; threaded=0; jobified=0
Direct3D:
    Version:  Direct3D 11.0 [level 11.1]
    Renderer: NVIDIA GeForce GTX 1060 with Max-Q Design (ID=0x1c20)
    Vendor:   NVIDIA
    VRAM:     6052 MB
    Driver:   27.21.14.6627
Initialize mono
Mono path[0] = 'C:/Program Files/Unity/2021.1.2f1/Editor/Data/Managed'
Mono path[1] = 'C:/Program Files/Unity/2021.1.2f1/Editor/Data/MonoBleedingEdge/lib/mono/unityjit'
Mono config path = 'C:/Program Files/Unity/2021.1.2f1/Editor/Data/MonoBleedingEdge/etc'
Using monoOptions --debugger-agent=transport=dt_socket,embedding=1,server=y,suspend=n,address=127.0.0.1:56584
Begin MonoManager ReloadAssembly
Registering precompiled unity dll's ...
Register platform support module: C:/Program Files/Unity/2021.1.2f1/Editor/Data/PlaybackEngines/WebGLSupport/UnityEditor.WebGL.Extensions.dll
Register platform support module: C:/Program Files/Unity/2021.1.2f1/Editor/Data/PlaybackEngines/WindowsStandaloneSupport/UnityEditor.WindowsStandalone.Extensions.dll
Registered in 0.002911 seconds.
Native extension for WindowsStandalone target not found
Native extension for WebGL target not found
Refreshing native plugins compatible for Editor in 122.80 ms, found 1 plugins.
Preloading 0 native plugins for Editor in 0.00 ms.
Mono: successfully reloaded assembly
- Completed reload, in  1.822 seconds
Platform modules already initialized, skipping
Registering precompiled user dll's ...
Registered in 0.010793 seconds.
Begin MonoManager ReloadAssembly
Native extension for WindowsStandalone target not found
Native extension for WebGL target not found
Refreshing native plugins compatible for Editor in 127.59 ms, found 1 plugins.
Preloading 0 native plugins for Editor in 0.00 ms.
Mono: successfully reloaded assembly
- Completed reload, in  6.982 seconds
Platform modules already initialized, skipping
========================================================================
Worker process is ready to serve import requests
Shader 'Universal Render Pipeline/Particles/Lit': fallback shader 'Universal Render Pipeline/Particles/SimpleLit' not found
Shader 'Universal Render Pipeline/Particles/Lit': fallback shader 'Universal Render Pipeline/Particles/SimpleLit' not found
Launched and connected shader compiler UnityShaderCompiler.exe after 0.07 seconds
Refreshing native plugins compatible for Editor in 0.94 ms, found 1 plugins.
Preloading 0 native plugins for Editor in 0.00 ms.
Unloading 4439 Unused Serialized files (Serialized files now loaded: 0)
System memory in use before: 178.2 MB.
System memory in use after: 176.0 MB.

Unloading 147 unused Assets to reduce memory usage. Loaded Objects now: 4845.
Total: 5.460900 ms (FindLiveObjects: 0.463900 ms CreateObjectMapping: 0.312300 ms MarkObjects: 2.920100 ms  DeleteObjects: 1.763900 ms)

========================================================================
Received Import Request.
  path: Assets/Textures/Wall/Dungeon_Wall_Roughness.tga
  artifactKey: Guid(a7c0985b68ff7064790cd4bba50569eb) Importer(815301076,1909f56bfc062723c751e8b465ee728b)
Start importing Assets/Textures/Wall/Dungeon_Wall_Roughness.tga using Guid(a7c0985b68ff7064790cd4bba50569eb) Importer(815301076,1909f56bfc062723c751e8b465ee728b)  -> (artifact id: 'ebc616eff89f7471bfed6880bbb641e9') in 0.223633 seconds 
========================================================================
Received Import Request.
  Time since last request: 4.496390 seconds.
  path: Assets/Textures/Wall/Dungeon_Wall_Height[2].tga
  artifactKey: Guid(3f2baa4bd1b5dbd458b209aba3319b89) Importer(815301076,1909f56bfc062723c751e8b465ee728b)
Start importing Assets/Textures/Wall/Dungeon_Wall_Height[2].tga using Guid(3f2baa4bd1b5dbd458b209aba3319b89) Importer(815301076,1909f56bfc062723c751e8b465ee728b)  -> (artifact id: '422e89274421c3efbe66541e700b246c') in 0.021842 seconds 
========================================================================
Received Import Request.
  Time since last request: 406.805078 seconds.
  path: Assets/Textures/Wall/Dungeon_Wall_Base_Color.tga
  artifactKey: Guid(68fa0b026bae2aa44aece437b00ea6fa) Importer(815301076,1909f56bfc062723c751e8b465ee728b)
Start importing Assets/Textures/Wall/Dungeon_Wall_Base_Color.tga using Guid(68fa0b026bae2aa44aece437b00ea6fa) Importer(815301076,1909f56bfc062723c751e8b465ee728b)  -> (artifact id: 'ff2098b4d508f92bc020f4dffa7c3a6a') in 0.022483 seconds 
========================================================================
Received Import Request.
  Time since last request: 0.000330 seconds.
  path: Assets/Textures/Wall/Dungeon_Wall_Normal.tga
  artifactKey: Guid(efe1ec04feef21b44a9bf2c2401ee99e) Importer(815301076,1909f56bfc062723c751e8b465ee728b)
Start importing Assets/Textures/Wall/Dungeon_Wall_Normal.tga using Guid(efe1ec04feef21b44a9bf2c2401ee99e) Importer(815301076,1909f56bfc062723c751e8b465ee728b)  -> (artifact id: '39c52735c0113bf27a16fdfc063c5d51') in 0.072532 seconds 
========================================================================
Received Import Request.
  Time since last request: 0.000328 seconds.
  path: Assets/Textures/Wall/Dungeon_Wall_Height.tga
  artifactKey: Guid(158f5ede90466a34ba8cdcf8290f29c1) Importer(815301076,1909f56bfc062723c751e8b465ee728b)
Start importing Assets/Textures/Wall/Dungeon_Wall_Height.tga using Guid(158f5ede90466a34ba8cdcf8290f29c1) Importer(815301076,1909f56bfc062723c751e8b465ee728b)  -> (artifact id: 'f08cba1ae871f6eb44679caf5629ee86') in 0.021605 seconds 
========================================================================
Received Import Request.
  Time since last request: 9822.931496 seconds.
  path: Assets/Textures/Wall
  artifactKey: Guid(83742f822fc992f4283fe3df184df72f) Importer(815301076,1909f56bfc062723c751e8b465ee728b)
Start importing Assets/Textures/Wall using Guid(83742f822fc992f4283fe3df184df72f) Importer(815301076,1909f56bfc062723c751e8b465ee728b)  -> (artifact id: '1527118007cac656d48a9a697d4b3689') in 0.024473 seconds 
========================================================================
Received Prepare
Registering precompiled user dll's ...
Registered in 0.018408 seconds.
Begin MonoManager ReloadAssembly
Native extension for WindowsStandalone target not found
Native extension for WebGL target not found
Refreshing native plugins compatible for Editor in 0.76 ms, found 1 plugins.
Preloading 0 native plugins for Editor in 0.00 ms.
Warning: Annotation not found!
UnityEngine.StackTraceUtility:ExtractStackTrace ()
UnityEditor.ProBuilder.EditorUtility:SetGizmoIconEnabled (System.Type,bool) (at Library/PackageCache/com.unity.probuilder@5.0.3/Editor/EditorCore/EditorUtility.cs:575)
UnityEditor.ProBuilder.HierarchyListener:.cctor () (at Library/PackageCache/com.unity.probuilder@5.0.3/Editor/EditorCore/HierarchyListener.cs:21)
System.Runtime.CompilerServices.RuntimeHelpers:RunClassConstructor (System.RuntimeTypeHandle)
UnityEditor.EditorAssemblies:ProcessInitializeOnLoadAttributes (System.Type[])

[Library/PackageCache/com.unity.probuilder@5.0.3/Editor/EditorCore/EditorUtility.cs line 575]

Mono: successfully reloaded assembly
- Completed reload, in  2.202 seconds
Platform modules already initialized, skipping
Shader 'Universal Render Pipeline/Particles/Lit': fallback shader 'Universal Render Pipeline/Particles/SimpleLit' not found
Shader 'Universal Render Pipeline/Particles/Lit': fallback shader 'Universal Render Pipeline/Particles/SimpleLit' not found
Refreshing native plugins compatible for Editor in 1.73 ms, found 1 plugins.
Preloading 0 native plugins for Editor in 0.00 ms.
Unloading 4328 Unused Serialized files (Serialized files now loaded: 0)
System memory in use before: 191.0 MB.
System memory in use after: 188.9 MB.

Unloading 48 unused Assets to reduce memory usage. Loaded Objects now: 4927.
Total: 4.910200 ms (FindLiveObjects: 0.521900 ms CreateObjectMapping: 0.374400 ms MarkObjects: 2.880800 ms  DeleteObjects: 1.130700 ms)

AssetImportWorkerClient::OnTransportError - code=2 error=End of file
