Using pre-set license
Built from '2021.1/staging' branch; Version is '2021.1.2f1 (e5d502d80fbb) revision 15062274'; Using compiler version '192528614'; Build Type 'Release'
OS: 'Windows 10 Home; OS build 19042.928; Version 2009; 64bit' Language: 'en' Physical Memory: 16249 MB
BatchMode: 1, IsHumanControllingUs: 0, StartBugReporterOnCrash: 0, Is64bit: 1, IsPro: 0

 COMMAND LINE ARGUMENTS:
C:\Program Files\Unity\2021.1.2f1\Editor\Unity.exe
-adb2
-batchMode
-noUpm
-name
AssetImportWorker0
-projectPath
D:/Folders/Documents/LocalProjects/Unity/Ldjam48/Ldjam48/Ldjam48
-logFile
Logs/AssetImportWorker0.log
-srvPort
62833
Successfully changed project path to: D:/Folders/Documents/LocalProjects/Unity/Ldjam48/Ldjam48/Ldjam48
D:/Folders/Documents/LocalProjects/Unity/Ldjam48/Ldjam48/Ldjam48
Using Asset Import Pipeline V2.
Refreshing native plugins compatible for Editor in 123.05 ms, found 1 plugins.
Preloading 0 native plugins for Editor in 0.00 ms.
Initialize engine version: 2021.1.2f1 (e5d502d80fbb)
[Subsystems] Discovering subsystems at path C:/Program Files/Unity/2021.1.2f1/Editor/Data/Resources/UnitySubsystems
[Subsystems] Discovering subsystems at path D:/Folders/Documents/LocalProjects/Unity/Ldjam48/Ldjam48/Ldjam48/Assets
GfxDevice: creating device client; threaded=0; jobified=0
Direct3D:
    Version:  Direct3D 11.0 [level 11.1]
    Renderer: NVIDIA GeForce GTX 1060 with Max-Q Design (ID=0x1c20)
    Vendor:   NVIDIA
    VRAM:     6052 MB
    Driver:   27.21.14.6627
Initialize mono
Mono path[0] = 'C:/Program Files/Unity/2021.1.2f1/Editor/Data/Managed'
Mono path[1] = 'C:/Program Files/Unity/2021.1.2f1/Editor/Data/MonoBleedingEdge/lib/mono/unityjit'
Mono config path = 'C:/Program Files/Unity/2021.1.2f1/Editor/Data/MonoBleedingEdge/etc'
Using monoOptions --debugger-agent=transport=dt_socket,embedding=1,server=y,suspend=n,address=127.0.0.1:56556
Begin MonoManager ReloadAssembly
Registering precompiled unity dll's ...
Register platform support module: C:/Program Files/Unity/2021.1.2f1/Editor/Data/PlaybackEngines/WebGLSupport/UnityEditor.WebGL.Extensions.dll
Register platform support module: C:/Program Files/Unity/2021.1.2f1/Editor/Data/PlaybackEngines/WindowsStandaloneSupport/UnityEditor.WindowsStandalone.Extensions.dll
Registered in 0.002530 seconds.
Native extension for WindowsStandalone target not found
Native extension for WebGL target not found
Refreshing native plugins compatible for Editor in 127.70 ms, found 1 plugins.
Preloading 0 native plugins for Editor in 0.00 ms.
Mono: successfully reloaded assembly
- Completed reload, in  3.509 seconds
Platform modules already initialized, skipping
Registering precompiled user dll's ...
Registered in 0.008977 seconds.
Begin MonoManager ReloadAssembly
Native extension for WindowsStandalone target not found
Native extension for WebGL target not found
Refreshing native plugins compatible for Editor in 134.30 ms, found 1 plugins.
Preloading 0 native plugins for Editor in 0.00 ms.
Mono: successfully reloaded assembly
- Completed reload, in  2.736 seconds
Platform modules already initialized, skipping
========================================================================
Worker process is ready to serve import requests
Shader 'Universal Render Pipeline/Particles/Lit': fallback shader 'Universal Render Pipeline/Particles/SimpleLit' not found
Shader 'Universal Render Pipeline/Particles/Lit': fallback shader 'Universal Render Pipeline/Particles/SimpleLit' not found
Launched and connected shader compiler UnityShaderCompiler.exe after 0.07 seconds
Refreshing native plugins compatible for Editor in 0.82 ms, found 1 plugins.
Preloading 0 native plugins for Editor in 0.00 ms.
Unloading 4435 Unused Serialized files (Serialized files now loaded: 0)
System memory in use before: 178.0 MB.
System memory in use after: 175.9 MB.

Unloading 147 unused Assets to reduce memory usage. Loaded Objects now: 4841.
Total: 4.278700 ms (FindLiveObjects: 0.475000 ms CreateObjectMapping: 0.197400 ms MarkObjects: 2.373900 ms  DeleteObjects: 1.230800 ms)

========================================================================
Received Import Request.
  path: Assets/ScriptableObjects/Options/TurretFast.asset
  artifactKey: Guid(22601a419ce6e5f4b8468e4e1bcdd5ea) Importer(815301076,1909f56bfc062723c751e8b465ee728b)
Start importing Assets/ScriptableObjects/Options/TurretFast.asset using Guid(22601a419ce6e5f4b8468e4e1bcdd5ea) Importer(815301076,1909f56bfc062723c751e8b465ee728b)  -> (artifact id: 'ff49328e3aee3f6e37dbec81ed5a794e') in 0.044821 seconds 
========================================================================
Received Import Request.
  Time since last request: 504.805328 seconds.
  path: Assets/Prefabs/Fighters/EvilArcher.prefab
  artifactKey: Guid(23794d8e3174c8b42b96867c53f66718) Importer(815301076,1909f56bfc062723c751e8b465ee728b)
Start importing Assets/Prefabs/Fighters/EvilArcher.prefab using Guid(23794d8e3174c8b42b96867c53f66718) Importer(815301076,1909f56bfc062723c751e8b465ee728b)  -> (artifact id: '11c2c16f6f05d0d08c7d2ae641d1b114') in 0.416774 seconds 
========================================================================
Received Import Request.
  Time since last request: 1.148629 seconds.
  path: Assets/Prefabs/Fighters/CrossbowFast.prefab
  artifactKey: Guid(31cf4ad06698be340b26347ed9ed0e5e) Importer(815301076,1909f56bfc062723c751e8b465ee728b)
Start importing Assets/Prefabs/Fighters/CrossbowFast.prefab using Guid(31cf4ad06698be340b26347ed9ed0e5e) Importer(815301076,1909f56bfc062723c751e8b465ee728b)  -> (artifact id: '437445f3357e2b5f67cc673cb1540faa') in 0.022745 seconds 
========================================================================
Received Prepare
Registering precompiled user dll's ...
Registered in 0.007596 seconds.
Begin MonoManager ReloadAssembly
Native extension for WindowsStandalone target not found
Native extension for WebGL target not found
Refreshing native plugins compatible for Editor in 0.73 ms, found 1 plugins.
Preloading 0 native plugins for Editor in 0.00 ms.
Warning: Annotation not found!
UnityEngine.StackTraceUtility:ExtractStackTrace ()
UnityEditor.ProBuilder.EditorUtility:SetGizmoIconEnabled (System.Type,bool) (at Library/PackageCache/com.unity.probuilder@5.0.3/Editor/EditorCore/EditorUtility.cs:575)
UnityEditor.ProBuilder.HierarchyListener:.cctor () (at Library/PackageCache/com.unity.probuilder@5.0.3/Editor/EditorCore/HierarchyListener.cs:21)
System.Runtime.CompilerServices.RuntimeHelpers:RunClassConstructor (System.RuntimeTypeHandle)
UnityEditor.EditorAssemblies:ProcessInitializeOnLoadAttributes (System.Type[])

[Library/PackageCache/com.unity.probuilder@5.0.3/Editor/EditorCore/EditorUtility.cs line 575]

Mono: successfully reloaded assembly
- Completed reload, in  1.436 seconds
Platform modules already initialized, skipping
Shader 'Universal Render Pipeline/Particles/Lit': fallback shader 'Universal Render Pipeline/Particles/SimpleLit' not found
Shader 'Universal Render Pipeline/Particles/Lit': fallback shader 'Universal Render Pipeline/Particles/SimpleLit' not found
Refreshing native plugins compatible for Editor in 0.80 ms, found 1 plugins.
Preloading 0 native plugins for Editor in 0.00 ms.
Unloading 4320 Unused Serialized files (Serialized files now loaded: 0)
System memory in use before: 177.6 MB.
System memory in use after: 175.5 MB.

Unloading 48 unused Assets to reduce memory usage. Loaded Objects now: 4890.
Total: 4.747400 ms (FindLiveObjects: 0.462400 ms CreateObjectMapping: 0.274600 ms MarkObjects: 3.055400 ms  DeleteObjects: 0.954000 ms)

========================================================================
Received Import Request.
  Time since last request: 177.066852 seconds.
  path: Assets/Prefabs/Fighters/CrossbowSlow.prefab
  artifactKey: Guid(9cd147c4893023b4fa39be28ff7054c5) Importer(815301076,1909f56bfc062723c751e8b465ee728b)
Start importing Assets/Prefabs/Fighters/CrossbowSlow.prefab using Guid(9cd147c4893023b4fa39be28ff7054c5) Importer(815301076,1909f56bfc062723c751e8b465ee728b)  -> (artifact id: 'c0e076f2b96f592be0d9966a291362cc') in 0.337346 seconds 
========================================================================
Received Import Request.
  Time since last request: 166.121926 seconds.
  path: Assets/Prefabs/Fighters/CrossbowFast.prefab
  artifactKey: Guid(31cf4ad06698be340b26347ed9ed0e5e) Importer(815301076,1909f56bfc062723c751e8b465ee728b)
Start importing Assets/Prefabs/Fighters/CrossbowFast.prefab using Guid(31cf4ad06698be340b26347ed9ed0e5e) Importer(815301076,1909f56bfc062723c751e8b465ee728b)  -> (artifact id: '0d11de0963fc9bf2ae29f128a497a8f6') in 0.019244 seconds 
========================================================================
Received Import Request.
  Time since last request: 293.259482 seconds.
  path: Assets/Prefabs/Fighters/CrossbowFast.prefab
  artifactKey: Guid(31cf4ad06698be340b26347ed9ed0e5e) Importer(815301076,1909f56bfc062723c751e8b465ee728b)
Start importing Assets/Prefabs/Fighters/CrossbowFast.prefab using Guid(31cf4ad06698be340b26347ed9ed0e5e) Importer(815301076,1909f56bfc062723c751e8b465ee728b)  -> (artifact id: 'ee2d09f777a6ebf87fc483c28fe58775') in 0.017404 seconds 
========================================================================
Received Import Request.
  Time since last request: 309.291967 seconds.
  path: Assets/Prefabs/Fighters/CrossbowSlow.prefab
  artifactKey: Guid(9cd147c4893023b4fa39be28ff7054c5) Importer(815301076,1909f56bfc062723c751e8b465ee728b)
Start importing Assets/Prefabs/Fighters/CrossbowSlow.prefab using Guid(9cd147c4893023b4fa39be28ff7054c5) Importer(815301076,1909f56bfc062723c751e8b465ee728b)  -> (artifact id: '820a0dbe028da1f3228b179284f99f97') in 0.016789 seconds 
========================================================================
Received Prepare
Registering precompiled user dll's ...
Registered in 0.007125 seconds.
Begin MonoManager ReloadAssembly
Native extension for WindowsStandalone target not found
Native extension for WebGL target not found
Refreshing native plugins compatible for Editor in 0.84 ms, found 1 plugins.
Preloading 0 native plugins for Editor in 0.00 ms.
Warning: Annotation not found!
UnityEngine.StackTraceUtility:ExtractStackTrace ()
UnityEditor.ProBuilder.EditorUtility:SetGizmoIconEnabled (System.Type,bool) (at Library/PackageCache/com.unity.probuilder@5.0.3/Editor/EditorCore/EditorUtility.cs:575)
UnityEditor.ProBuilder.HierarchyListener:.cctor () (at Library/PackageCache/com.unity.probuilder@5.0.3/Editor/EditorCore/HierarchyListener.cs:21)
System.Runtime.CompilerServices.RuntimeHelpers:RunClassConstructor (System.RuntimeTypeHandle)
UnityEditor.EditorAssemblies:ProcessInitializeOnLoadAttributes (System.Type[])

[Library/PackageCache/com.unity.probuilder@5.0.3/Editor/EditorCore/EditorUtility.cs line 575]

Mono: successfully reloaded assembly
- Completed reload, in  1.342 seconds
Platform modules already initialized, skipping
Shader 'Universal Render Pipeline/Particles/Lit': fallback shader 'Universal Render Pipeline/Particles/SimpleLit' not found
Shader 'Universal Render Pipeline/Particles/Lit': fallback shader 'Universal Render Pipeline/Particles/SimpleLit' not found
Refreshing native plugins compatible for Editor in 0.83 ms, found 1 plugins.
Preloading 0 native plugins for Editor in 0.00 ms.
Unloading 4320 Unused Serialized files (Serialized files now loaded: 0)
System memory in use before: 177.8 MB.
System memory in use after: 175.7 MB.

Unloading 48 unused Assets to reduce memory usage. Loaded Objects now: 4929.
Total: 5.062600 ms (FindLiveObjects: 0.553500 ms CreateObjectMapping: 0.394900 ms MarkObjects: 2.946800 ms  DeleteObjects: 1.165300 ms)

========================================================================
Received Import Request.
  Time since last request: 29.129182 seconds.
  path: Assets/Prefabs/Fighters/CrossbowFast.prefab
  artifactKey: Guid(31cf4ad06698be340b26347ed9ed0e5e) Importer(815301076,1909f56bfc062723c751e8b465ee728b)
Start importing Assets/Prefabs/Fighters/CrossbowFast.prefab using Guid(31cf4ad06698be340b26347ed9ed0e5e) Importer(815301076,1909f56bfc062723c751e8b465ee728b)  -> (artifact id: '3d28da9e11148dc56ca5b20c449fe80b') in 0.214337 seconds 
========================================================================
Received Prepare
Registering precompiled user dll's ...
Registered in 0.007637 seconds.
Begin MonoManager ReloadAssembly
Native extension for WindowsStandalone target not found
Native extension for WebGL target not found
Refreshing native plugins compatible for Editor in 0.86 ms, found 1 plugins.
Preloading 0 native plugins for Editor in 0.00 ms.
Warning: Annotation not found!
UnityEngine.StackTraceUtility:ExtractStackTrace ()
UnityEditor.ProBuilder.EditorUtility:SetGizmoIconEnabled (System.Type,bool) (at Library/PackageCache/com.unity.probuilder@5.0.3/Editor/EditorCore/EditorUtility.cs:575)
UnityEditor.ProBuilder.HierarchyListener:.cctor () (at Library/PackageCache/com.unity.probuilder@5.0.3/Editor/EditorCore/HierarchyListener.cs:21)
System.Runtime.CompilerServices.RuntimeHelpers:RunClassConstructor (System.RuntimeTypeHandle)
UnityEditor.EditorAssemblies:ProcessInitializeOnLoadAttributes (System.Type[])

[Library/PackageCache/com.unity.probuilder@5.0.3/Editor/EditorCore/EditorUtility.cs line 575]

Mono: successfully reloaded assembly
- Completed reload, in  1.285 seconds
Platform modules already initialized, skipping
Shader 'Universal Render Pipeline/Particles/Lit': fallback shader 'Universal Render Pipeline/Particles/SimpleLit' not found
Shader 'Universal Render Pipeline/Particles/Lit': fallback shader 'Universal Render Pipeline/Particles/SimpleLit' not found
Refreshing native plugins compatible for Editor in 0.80 ms, found 1 plugins.
Preloading 0 native plugins for Editor in 0.00 ms.
Unloading 4320 Unused Serialized files (Serialized files now loaded: 0)
System memory in use before: 177.9 MB.
System memory in use after: 175.8 MB.

Unloading 48 unused Assets to reduce memory usage. Loaded Objects now: 4968.
Total: 5.683200 ms (FindLiveObjects: 0.339100 ms CreateObjectMapping: 0.229600 ms MarkObjects: 3.937800 ms  DeleteObjects: 1.175500 ms)

========================================================================
Received Import Request.
  Time since last request: 255.717778 seconds.
  path: Assets/Scripts/Action/DefenseAttacker.cs
  artifactKey: Guid(d92ec1ac2e9ef0940974e9038780957f) Importer(815301076,1909f56bfc062723c751e8b465ee728b)
Start importing Assets/Scripts/Action/DefenseAttacker.cs using Guid(d92ec1ac2e9ef0940974e9038780957f) Importer(815301076,1909f56bfc062723c751e8b465ee728b)  -> (artifact id: '76816f6ea3a051f459956535302e6621') in 0.030509 seconds 
========================================================================
Received Prepare
Registering precompiled user dll's ...
Registered in 0.007237 seconds.
Begin MonoManager ReloadAssembly
Native extension for WindowsStandalone target not found
Native extension for WebGL target not found
Refreshing native plugins compatible for Editor in 0.73 ms, found 1 plugins.
Preloading 0 native plugins for Editor in 0.00 ms.
Warning: Annotation not found!
UnityEngine.StackTraceUtility:ExtractStackTrace ()
UnityEditor.ProBuilder.EditorUtility:SetGizmoIconEnabled (System.Type,bool) (at Library/PackageCache/com.unity.probuilder@5.0.3/Editor/EditorCore/EditorUtility.cs:575)
UnityEditor.ProBuilder.HierarchyListener:.cctor () (at Library/PackageCache/com.unity.probuilder@5.0.3/Editor/EditorCore/HierarchyListener.cs:21)
System.Runtime.CompilerServices.RuntimeHelpers:RunClassConstructor (System.RuntimeTypeHandle)
UnityEditor.EditorAssemblies:ProcessInitializeOnLoadAttributes (System.Type[])

[Library/PackageCache/com.unity.probuilder@5.0.3/Editor/EditorCore/EditorUtility.cs line 575]

Mono: successfully reloaded assembly
- Completed reload, in  1.258 seconds
Platform modules already initialized, skipping
Shader 'Universal Render Pipeline/Particles/Lit': fallback shader 'Universal Render Pipeline/Particles/SimpleLit' not found
Shader 'Universal Render Pipeline/Particles/Lit': fallback shader 'Universal Render Pipeline/Particles/SimpleLit' not found
Refreshing native plugins compatible for Editor in 0.76 ms, found 1 plugins.
Preloading 0 native plugins for Editor in 0.00 ms.
Unloading 4321 Unused Serialized files (Serialized files now loaded: 0)
System memory in use before: 177.8 MB.
System memory in use after: 175.8 MB.

Unloading 48 unused Assets to reduce memory usage. Loaded Objects now: 4972.
Total: 6.029400 ms (FindLiveObjects: 0.768400 ms CreateObjectMapping: 0.789700 ms MarkObjects: 3.431100 ms  DeleteObjects: 1.038700 ms)

========================================================================
Received Prepare
Registering precompiled user dll's ...
Registered in 0.007148 seconds.
Begin MonoManager ReloadAssembly
Native extension for WindowsStandalone target not found
Native extension for WebGL target not found
Refreshing native plugins compatible for Editor in 1.14 ms, found 1 plugins.
Preloading 0 native plugins for Editor in 0.00 ms.
Warning: Annotation not found!
UnityEngine.StackTraceUtility:ExtractStackTrace ()
UnityEditor.ProBuilder.EditorUtility:SetGizmoIconEnabled (System.Type,bool) (at Library/PackageCache/com.unity.probuilder@5.0.3/Editor/EditorCore/EditorUtility.cs:575)
UnityEditor.ProBuilder.HierarchyListener:.cctor () (at Library/PackageCache/com.unity.probuilder@5.0.3/Editor/EditorCore/HierarchyListener.cs:21)
System.Runtime.CompilerServices.RuntimeHelpers:RunClassConstructor (System.RuntimeTypeHandle)
UnityEditor.EditorAssemblies:ProcessInitializeOnLoadAttributes (System.Type[])

[Library/PackageCache/com.unity.probuilder@5.0.3/Editor/EditorCore/EditorUtility.cs line 575]

Mono: successfully reloaded assembly
- Completed reload, in  1.411 seconds
Platform modules already initialized, skipping
Shader 'Universal Render Pipeline/Particles/Lit': fallback shader 'Universal Render Pipeline/Particles/SimpleLit' not found
Shader 'Universal Render Pipeline/Particles/Lit': fallback shader 'Universal Render Pipeline/Particles/SimpleLit' not found
Refreshing native plugins compatible for Editor in 0.80 ms, found 1 plugins.
Preloading 0 native plugins for Editor in 0.00 ms.
Unloading 4321 Unused Serialized files (Serialized files now loaded: 0)
System memory in use before: 177.8 MB.
System memory in use after: 175.8 MB.

Unloading 48 unused Assets to reduce memory usage. Loaded Objects now: 4975.
Total: 5.509500 ms (FindLiveObjects: 0.384500 ms CreateObjectMapping: 0.289800 ms MarkObjects: 3.413600 ms  DeleteObjects: 1.420500 ms)

========================================================================
Received Import Request.
  Time since last request: 103.410543 seconds.
  path: Assets/Scripts/Action/DefenseAttacker.cs
  artifactKey: Guid(d92ec1ac2e9ef0940974e9038780957f) Importer(815301076,1909f56bfc062723c751e8b465ee728b)
Start importing Assets/Scripts/Action/DefenseAttacker.cs using Guid(d92ec1ac2e9ef0940974e9038780957f) Importer(815301076,1909f56bfc062723c751e8b465ee728b)  -> (artifact id: '94642a7755357685d33278a788b69782') in 0.007515 seconds 
========================================================================
Received Import Request.
  Time since last request: 21.212867 seconds.
  path: Assets/Prefabs/Fighters/CrossbowSlow.prefab
  artifactKey: Guid(9cd147c4893023b4fa39be28ff7054c5) Importer(815301076,1909f56bfc062723c751e8b465ee728b)
Start importing Assets/Prefabs/Fighters/CrossbowSlow.prefab using Guid(9cd147c4893023b4fa39be28ff7054c5) Importer(815301076,1909f56bfc062723c751e8b465ee728b)  -> (artifact id: 'f83f7725b1ec732d8259ce0dd885f05b') in 0.253309 seconds 
========================================================================
Received Prepare
Registering precompiled user dll's ...
Registered in 0.007375 seconds.
Begin MonoManager ReloadAssembly
Native extension for WindowsStandalone target not found
Native extension for WebGL target not found
Refreshing native plugins compatible for Editor in 0.84 ms, found 1 plugins.
Preloading 0 native plugins for Editor in 0.00 ms.
Warning: Annotation not found!
UnityEngine.StackTraceUtility:ExtractStackTrace ()
UnityEditor.ProBuilder.EditorUtility:SetGizmoIconEnabled (System.Type,bool) (at Library/PackageCache/com.unity.probuilder@5.0.3/Editor/EditorCore/EditorUtility.cs:575)
UnityEditor.ProBuilder.HierarchyListener:.cctor () (at Library/PackageCache/com.unity.probuilder@5.0.3/Editor/EditorCore/HierarchyListener.cs:21)
System.Runtime.CompilerServices.RuntimeHelpers:RunClassConstructor (System.RuntimeTypeHandle)
UnityEditor.EditorAssemblies:ProcessInitializeOnLoadAttributes (System.Type[])

[Library/PackageCache/com.unity.probuilder@5.0.3/Editor/EditorCore/EditorUtility.cs line 575]

Mono: successfully reloaded assembly
- Completed reload, in  1.418 seconds
Platform modules already initialized, skipping
Shader 'Universal Render Pipeline/Particles/Lit': fallback shader 'Universal Render Pipeline/Particles/SimpleLit' not found
Shader 'Universal Render Pipeline/Particles/Lit': fallback shader 'Universal Render Pipeline/Particles/SimpleLit' not found
Refreshing native plugins compatible for Editor in 0.78 ms, found 1 plugins.
Preloading 0 native plugins for Editor in 0.00 ms.
Unloading 4321 Unused Serialized files (Serialized files now loaded: 0)
System memory in use before: 178.0 MB.
System memory in use after: 175.9 MB.

Unloading 48 unused Assets to reduce memory usage. Loaded Objects now: 5014.
Total: 5.134500 ms (FindLiveObjects: 0.420800 ms CreateObjectMapping: 0.432600 ms MarkObjects: 3.101800 ms  DeleteObjects: 1.177300 ms)

========================================================================
Received Prepare
Registering precompiled user dll's ...
Registered in 0.007504 seconds.
Begin MonoManager ReloadAssembly
Native extension for WindowsStandalone target not found
Native extension for WebGL target not found
Refreshing native plugins compatible for Editor in 0.81 ms, found 1 plugins.
Preloading 0 native plugins for Editor in 0.00 ms.
Warning: Annotation not found!
UnityEngine.StackTraceUtility:ExtractStackTrace ()
UnityEditor.ProBuilder.EditorUtility:SetGizmoIconEnabled (System.Type,bool) (at Library/PackageCache/com.unity.probuilder@5.0.3/Editor/EditorCore/EditorUtility.cs:575)
UnityEditor.ProBuilder.HierarchyListener:.cctor () (at Library/PackageCache/com.unity.probuilder@5.0.3/Editor/EditorCore/HierarchyListener.cs:21)
System.Runtime.CompilerServices.RuntimeHelpers:RunClassConstructor (System.RuntimeTypeHandle)
UnityEditor.EditorAssemblies:ProcessInitializeOnLoadAttributes (System.Type[])

[Library/PackageCache/com.unity.probuilder@5.0.3/Editor/EditorCore/EditorUtility.cs line 575]

Mono: successfully reloaded assembly
- Completed reload, in  1.513 seconds
Platform modules already initialized, skipping
Shader 'Universal Render Pipeline/Particles/Lit': fallback shader 'Universal Render Pipeline/Particles/SimpleLit' not found
Shader 'Universal Render Pipeline/Particles/Lit': fallback shader 'Universal Render Pipeline/Particles/SimpleLit' not found
Refreshing native plugins compatible for Editor in 0.81 ms, found 1 plugins.
Preloading 0 native plugins for Editor in 0.00 ms.
Unloading 4321 Unused Serialized files (Serialized files now loaded: 0)
System memory in use before: 178.0 MB.
System memory in use after: 176.0 MB.

Unloading 48 unused Assets to reduce memory usage. Loaded Objects now: 5017.
Total: 5.267500 ms (FindLiveObjects: 0.518600 ms CreateObjectMapping: 0.561900 ms MarkObjects: 3.094600 ms  DeleteObjects: 1.090700 ms)

AssetImportWorkerClient::OnTransportError - code=2 error=End of file
