Using pre-set license
Built from '2021.1/staging' branch; Version is '2021.1.2f1 (e5d502d80fbb) revision 15062274'; Using compiler version '192528614'; Build Type 'Release'
OS: 'Windows 10 Home; OS build 19042.928; Version 2009; 64bit' Language: 'en' Physical Memory: 16249 MB
BatchMode: 1, IsHumanControllingUs: 0, StartBugReporterOnCrash: 0, Is64bit: 1, IsPro: 0

 COMMAND LINE ARGUMENTS:
C:\Program Files\Unity\2021.1.2f1\Editor\Unity.exe
-adb2
-batchMode
-noUpm
-name
AssetImportWorker0
-projectPath
D:/Folders/Documents/LocalProjects/Unity/Ldjam48/Ldjam48/Ldjam48
-logFile
Logs/AssetImportWorker0.log
-srvPort
61026
Successfully changed project path to: D:/Folders/Documents/LocalProjects/Unity/Ldjam48/Ldjam48/Ldjam48
D:/Folders/Documents/LocalProjects/Unity/Ldjam48/Ldjam48/Ldjam48
Using Asset Import Pipeline V2.
Refreshing native plugins compatible for Editor in 236.01 ms, found 1 plugins.
Preloading 0 native plugins for Editor in 0.00 ms.
Initialize engine version: 2021.1.2f1 (e5d502d80fbb)
[Subsystems] Discovering subsystems at path C:/Program Files/Unity/2021.1.2f1/Editor/Data/Resources/UnitySubsystems
[Subsystems] Discovering subsystems at path D:/Folders/Documents/LocalProjects/Unity/Ldjam48/Ldjam48/Ldjam48/Assets
GfxDevice: creating device client; threaded=0; jobified=0
Direct3D:
    Version:  Direct3D 11.0 [level 11.1]
    Renderer: NVIDIA GeForce GTX 1060 with Max-Q Design (ID=0x1c20)
    Vendor:   NVIDIA
    VRAM:     6052 MB
    Driver:   27.21.14.6627
Initialize mono
Mono path[0] = 'C:/Program Files/Unity/2021.1.2f1/Editor/Data/Managed'
Mono path[1] = 'C:/Program Files/Unity/2021.1.2f1/Editor/Data/MonoBleedingEdge/lib/mono/unityjit'
Mono config path = 'C:/Program Files/Unity/2021.1.2f1/Editor/Data/MonoBleedingEdge/etc'
Using monoOptions --debugger-agent=transport=dt_socket,embedding=1,server=y,suspend=n,address=127.0.0.1:56628
Begin MonoManager ReloadAssembly
Registering precompiled unity dll's ...
Register platform support module: C:/Program Files/Unity/2021.1.2f1/Editor/Data/PlaybackEngines/WebGLSupport/UnityEditor.WebGL.Extensions.dll
Register platform support module: C:/Program Files/Unity/2021.1.2f1/Editor/Data/PlaybackEngines/WindowsStandaloneSupport/UnityEditor.WindowsStandalone.Extensions.dll
Registered in 0.004628 seconds.
Native extension for WindowsStandalone target not found
Native extension for WebGL target not found
Refreshing native plugins compatible for Editor in 128.79 ms, found 1 plugins.
Preloading 0 native plugins for Editor in 0.00 ms.
Mono: successfully reloaded assembly
- Completed reload, in  1.951 seconds
Platform modules already initialized, skipping
Registering precompiled user dll's ...
Registered in 0.008252 seconds.
Begin MonoManager ReloadAssembly
Native extension for WindowsStandalone target not found
Native extension for WebGL target not found
Refreshing native plugins compatible for Editor in 136.45 ms, found 1 plugins.
Preloading 0 native plugins for Editor in 0.00 ms.
Mono: successfully reloaded assembly
- Completed reload, in  1.941 seconds
Platform modules already initialized, skipping
========================================================================
Worker process is ready to serve import requests
Shader 'Universal Render Pipeline/Particles/Lit': fallback shader 'Universal Render Pipeline/Particles/SimpleLit' not found
Shader 'Universal Render Pipeline/Particles/Lit': fallback shader 'Universal Render Pipeline/Particles/SimpleLit' not found
Launched and connected shader compiler UnityShaderCompiler.exe after 0.06 seconds
Refreshing native plugins compatible for Editor in 1.38 ms, found 1 plugins.
Preloading 0 native plugins for Editor in 0.00 ms.
Unloading 4435 Unused Serialized files (Serialized files now loaded: 0)
System memory in use before: 178.0 MB.
System memory in use after: 175.8 MB.

Unloading 147 unused Assets to reduce memory usage. Loaded Objects now: 4841.
Total: 4.702900 ms (FindLiveObjects: 0.405900 ms CreateObjectMapping: 0.283700 ms MarkObjects: 2.837600 ms  DeleteObjects: 1.174600 ms)

========================================================================
Received Import Request.
  path: Assets/Scripts/Action/MeleeAttack.cs
  artifactKey: Guid(2afe03f360b4c6f4dac0e9f946a65c0a) Importer(815301076,1909f56bfc062723c751e8b465ee728b)
Start importing Assets/Scripts/Action/MeleeAttack.cs using Guid(2afe03f360b4c6f4dac0e9f946a65c0a) Importer(815301076,1909f56bfc062723c751e8b465ee728b)  -> (artifact id: '8bff597ddada753cbbaca54167035e34') in 0.050101 seconds 
========================================================================
Received Import Request.
  Time since last request: 0.000279 seconds.
  path: Assets/Scripts/Action/Attack.cs
  artifactKey: Guid(bb93893e310c5e54ba565691f8ebcdbe) Importer(815301076,1909f56bfc062723c751e8b465ee728b)
Start importing Assets/Scripts/Action/Attack.cs using Guid(bb93893e310c5e54ba565691f8ebcdbe) Importer(815301076,1909f56bfc062723c751e8b465ee728b)  -> (artifact id: '60ca88a8be2ef1547a08ed2eac9fbc59') in 0.011894 seconds 
========================================================================
Received Prepare
Registering precompiled user dll's ...
Registered in 0.008390 seconds.
Begin MonoManager ReloadAssembly
Native extension for WindowsStandalone target not found
Native extension for WebGL target not found
Refreshing native plugins compatible for Editor in 0.99 ms, found 1 plugins.
Preloading 0 native plugins for Editor in 0.00 ms.
Warning: Annotation not found!
UnityEngine.StackTraceUtility:ExtractStackTrace ()
UnityEditor.ProBuilder.EditorUtility:SetGizmoIconEnabled (System.Type,bool) (at Library/PackageCache/com.unity.probuilder@5.0.3/Editor/EditorCore/EditorUtility.cs:575)
UnityEditor.ProBuilder.HierarchyListener:.cctor () (at Library/PackageCache/com.unity.probuilder@5.0.3/Editor/EditorCore/HierarchyListener.cs:21)
System.Runtime.CompilerServices.RuntimeHelpers:RunClassConstructor (System.RuntimeTypeHandle)
UnityEditor.EditorAssemblies:ProcessInitializeOnLoadAttributes (System.Type[])

[Library/PackageCache/com.unity.probuilder@5.0.3/Editor/EditorCore/EditorUtility.cs line 575]

Mono: successfully reloaded assembly
- Completed reload, in  1.438 seconds
Platform modules already initialized, skipping
Shader 'Universal Render Pipeline/Particles/Lit': fallback shader 'Universal Render Pipeline/Particles/SimpleLit' not found
Shader 'Universal Render Pipeline/Particles/Lit': fallback shader 'Universal Render Pipeline/Particles/SimpleLit' not found
Refreshing native plugins compatible for Editor in 0.81 ms, found 1 plugins.
Preloading 0 native plugins for Editor in 0.00 ms.
Unloading 4320 Unused Serialized files (Serialized files now loaded: 0)
System memory in use before: 171.6 MB.
System memory in use after: 169.5 MB.

Unloading 48 unused Assets to reduce memory usage. Loaded Objects now: 4844.
Total: 4.745600 ms (FindLiveObjects: 0.384300 ms CreateObjectMapping: 0.322800 ms MarkObjects: 3.041200 ms  DeleteObjects: 0.995500 ms)

========================================================================
Received Import Request.
  Time since last request: 497.552741 seconds.
  path: Assets/Scripts/Action/RangeAttack.cs
  artifactKey: Guid(a031becee772f174197a1f50676f5f6c) Importer(815301076,1909f56bfc062723c751e8b465ee728b)
Start importing Assets/Scripts/Action/RangeAttack.cs using Guid(a031becee772f174197a1f50676f5f6c) Importer(815301076,1909f56bfc062723c751e8b465ee728b)  -> (artifact id: 'dfb4867be4dc6ea0a5ac7a035e2493df') in 0.013303 seconds 
========================================================================
Received Import Request.
  Time since last request: 12.391113 seconds.
  path: Assets/Prefabs/Fighters/EvilArcher.prefab
  artifactKey: Guid(23794d8e3174c8b42b96867c53f66718) Importer(815301076,1909f56bfc062723c751e8b465ee728b)
Start importing Assets/Prefabs/Fighters/EvilArcher.prefab using Guid(23794d8e3174c8b42b96867c53f66718) Importer(815301076,1909f56bfc062723c751e8b465ee728b)  -> (artifact id: '14cc73cd17c82c10e82e7e43f35db330') in 0.431869 seconds 
========================================================================
Received Prepare
Registering precompiled user dll's ...
Registered in 0.008505 seconds.
Begin MonoManager ReloadAssembly
Native extension for WindowsStandalone target not found
Native extension for WebGL target not found
Refreshing native plugins compatible for Editor in 0.75 ms, found 1 plugins.
Preloading 0 native plugins for Editor in 0.00 ms.
Warning: Annotation not found!
UnityEngine.StackTraceUtility:ExtractStackTrace ()
UnityEditor.ProBuilder.EditorUtility:SetGizmoIconEnabled (System.Type,bool) (at Library/PackageCache/com.unity.probuilder@5.0.3/Editor/EditorCore/EditorUtility.cs:575)
UnityEditor.ProBuilder.HierarchyListener:.cctor () (at Library/PackageCache/com.unity.probuilder@5.0.3/Editor/EditorCore/HierarchyListener.cs:21)
System.Runtime.CompilerServices.RuntimeHelpers:RunClassConstructor (System.RuntimeTypeHandle)
UnityEditor.EditorAssemblies:ProcessInitializeOnLoadAttributes (System.Type[])

[Library/PackageCache/com.unity.probuilder@5.0.3/Editor/EditorCore/EditorUtility.cs line 575]

Mono: successfully reloaded assembly
- Completed reload, in  1.492 seconds
Platform modules already initialized, skipping
Shader 'Universal Render Pipeline/Particles/Lit': fallback shader 'Universal Render Pipeline/Particles/SimpleLit' not found
Shader 'Universal Render Pipeline/Particles/Lit': fallback shader 'Universal Render Pipeline/Particles/SimpleLit' not found
Refreshing native plugins compatible for Editor in 0.80 ms, found 1 plugins.
Preloading 0 native plugins for Editor in 0.00 ms.
Unloading 4320 Unused Serialized files (Serialized files now loaded: 0)
System memory in use before: 177.6 MB.
System memory in use after: 175.5 MB.

Unloading 48 unused Assets to reduce memory usage. Loaded Objects now: 4893.
Total: 4.798200 ms (FindLiveObjects: 0.601700 ms CreateObjectMapping: 0.389000 ms MarkObjects: 2.749900 ms  DeleteObjects: 1.056400 ms)

========================================================================
Received Import Request.
  Time since last request: 2250.581818 seconds.
  path: Assets/Models/crossbow.fbx
  artifactKey: Guid(73dc81ea3ff919647a6d134b6dbcea27) Importer(815301076,1909f56bfc062723c751e8b465ee728b)
Start importing Assets/Models/crossbow.fbx using Guid(73dc81ea3ff919647a6d134b6dbcea27) Importer(815301076,1909f56bfc062723c751e8b465ee728b)  -> (artifact id: 'cc2dbac1385b3dd4b9a1f65239d566d8') in 0.346489 seconds 
========================================================================
Received Import Request.
  Time since last request: 91.697613 seconds.
  path: Assets/Prefabs/Weapons/Crossbow.prefab
  artifactKey: Guid(cafaab115b5068143a7a29e61a81ed7c) Importer(815301076,1909f56bfc062723c751e8b465ee728b)
Start importing Assets/Prefabs/Weapons/Crossbow.prefab using Guid(cafaab115b5068143a7a29e61a81ed7c) Importer(815301076,1909f56bfc062723c751e8b465ee728b)  -> (artifact id: '403482c7e758bca149f90b98d26a2318') in 0.021081 seconds 
========================================================================
Received Import Request.
  Time since last request: 14.698221 seconds.
  path: Assets/Prefabs/Fighters/EvilArcher.prefab
  artifactKey: Guid(23794d8e3174c8b42b96867c53f66718) Importer(815301076,1909f56bfc062723c751e8b465ee728b)
Start importing Assets/Prefabs/Fighters/EvilArcher.prefab using Guid(23794d8e3174c8b42b96867c53f66718) Importer(815301076,1909f56bfc062723c751e8b465ee728b)  -> (artifact id: 'a0bc86fb68e7118f756d22d57b2b9f33') in 0.017550 seconds 
========================================================================
Received Import Request.
  Time since last request: 180.554383 seconds.
  path: Assets/Prefabs/Fighters/EvilArcher.prefab
  artifactKey: Guid(23794d8e3174c8b42b96867c53f66718) Importer(815301076,1909f56bfc062723c751e8b465ee728b)
Start importing Assets/Prefabs/Fighters/EvilArcher.prefab using Guid(23794d8e3174c8b42b96867c53f66718) Importer(815301076,1909f56bfc062723c751e8b465ee728b)  -> (artifact id: '11cc996254cf101d171a39dc7aab359f') in 0.020174 seconds 
========================================================================
Received Import Request.
  Time since last request: 162.417475 seconds.
  path: Assets/Prefabs/Fighters/GoodArcher.prefab
  artifactKey: Guid(6a929f06729244a4c9578d72e76ca28d) Importer(815301076,1909f56bfc062723c751e8b465ee728b)
Start importing Assets/Prefabs/Fighters/GoodArcher.prefab using Guid(6a929f06729244a4c9578d72e76ca28d) Importer(815301076,1909f56bfc062723c751e8b465ee728b)  -> (artifact id: '4426294a7c60df375e879557859c93a0') in 0.021079 seconds 
========================================================================
Received Prepare
Registering precompiled user dll's ...
Registered in 0.007870 seconds.
Begin MonoManager ReloadAssembly
Native extension for WindowsStandalone target not found
Native extension for WebGL target not found
Refreshing native plugins compatible for Editor in 1.05 ms, found 1 plugins.
Preloading 0 native plugins for Editor in 0.00 ms.
Warning: Annotation not found!
UnityEngine.StackTraceUtility:ExtractStackTrace ()
UnityEditor.ProBuilder.EditorUtility:SetGizmoIconEnabled (System.Type,bool) (at Library/PackageCache/com.unity.probuilder@5.0.3/Editor/EditorCore/EditorUtility.cs:575)
UnityEditor.ProBuilder.HierarchyListener:.cctor () (at Library/PackageCache/com.unity.probuilder@5.0.3/Editor/EditorCore/HierarchyListener.cs:21)
System.Runtime.CompilerServices.RuntimeHelpers:RunClassConstructor (System.RuntimeTypeHandle)
UnityEditor.EditorAssemblies:ProcessInitializeOnLoadAttributes (System.Type[])

[Library/PackageCache/com.unity.probuilder@5.0.3/Editor/EditorCore/EditorUtility.cs line 575]

Mono: successfully reloaded assembly
- Completed reload, in  1.550 seconds
Platform modules already initialized, skipping
Shader 'Universal Render Pipeline/Particles/Lit': fallback shader 'Universal Render Pipeline/Particles/SimpleLit' not found
Shader 'Universal Render Pipeline/Particles/Lit': fallback shader 'Universal Render Pipeline/Particles/SimpleLit' not found
Refreshing native plugins compatible for Editor in 0.81 ms, found 1 plugins.
Preloading 0 native plugins for Editor in 0.00 ms.
Unloading 4320 Unused Serialized files (Serialized files now loaded: 0)
System memory in use before: 178.0 MB.
System memory in use after: 175.9 MB.

Unloading 48 unused Assets to reduce memory usage. Loaded Objects now: 4935.
Total: 4.837700 ms (FindLiveObjects: 0.386500 ms CreateObjectMapping: 0.282800 ms MarkObjects: 3.071300 ms  DeleteObjects: 1.095900 ms)

========================================================================
Received Import Request.
  Time since last request: 1204.875416 seconds.
  path: Assets/Prefabs/Fighters/GoodArcher.prefab
  artifactKey: Guid(6a929f06729244a4c9578d72e76ca28d) Importer(815301076,1909f56bfc062723c751e8b465ee728b)
Start importing Assets/Prefabs/Fighters/GoodArcher.prefab using Guid(6a929f06729244a4c9578d72e76ca28d) Importer(815301076,1909f56bfc062723c751e8b465ee728b)  -> (artifact id: '5f227cd2052b7d1a2fca6b6789029960') in 0.216655 seconds 
========================================================================
Received Import Request.
  Time since last request: 1.985350 seconds.
  path: Assets/Prefabs/Fighters/GoodSword.prefab
  artifactKey: Guid(a356d1bab2798924dbd7df5cfa9d2910) Importer(815301076,1909f56bfc062723c751e8b465ee728b)
Start importing Assets/Prefabs/Fighters/GoodSword.prefab using Guid(a356d1bab2798924dbd7df5cfa9d2910) Importer(815301076,1909f56bfc062723c751e8b465ee728b)  -> (artifact id: 'd689347d206a54eb55fae1a78f8aa3fc') in 0.023151 seconds 
========================================================================
Received Prepare
Registering precompiled user dll's ...
Registered in 0.007942 seconds.
Begin MonoManager ReloadAssembly
Native extension for WindowsStandalone target not found
Native extension for WebGL target not found
Refreshing native plugins compatible for Editor in 1.23 ms, found 1 plugins.
Preloading 0 native plugins for Editor in 0.00 ms.
Warning: Annotation not found!
UnityEngine.StackTraceUtility:ExtractStackTrace ()
UnityEditor.ProBuilder.EditorUtility:SetGizmoIconEnabled (System.Type,bool) (at Library/PackageCache/com.unity.probuilder@5.0.3/Editor/EditorCore/EditorUtility.cs:575)
UnityEditor.ProBuilder.HierarchyListener:.cctor () (at Library/PackageCache/com.unity.probuilder@5.0.3/Editor/EditorCore/HierarchyListener.cs:21)
System.Runtime.CompilerServices.RuntimeHelpers:RunClassConstructor (System.RuntimeTypeHandle)
UnityEditor.EditorAssemblies:ProcessInitializeOnLoadAttributes (System.Type[])

[Library/PackageCache/com.unity.probuilder@5.0.3/Editor/EditorCore/EditorUtility.cs line 575]

Mono: successfully reloaded assembly
- Completed reload, in  1.400 seconds
Platform modules already initialized, skipping
Shader 'Universal Render Pipeline/Particles/Lit': fallback shader 'Universal Render Pipeline/Particles/SimpleLit' not found
Shader 'Universal Render Pipeline/Particles/Lit': fallback shader 'Universal Render Pipeline/Particles/SimpleLit' not found
Refreshing native plugins compatible for Editor in 0.80 ms, found 1 plugins.
Preloading 0 native plugins for Editor in 0.00 ms.
Unloading 4320 Unused Serialized files (Serialized files now loaded: 0)
System memory in use before: 177.9 MB.
System memory in use after: 175.9 MB.

Unloading 48 unused Assets to reduce memory usage. Loaded Objects now: 4974.
Total: 5.169500 ms (FindLiveObjects: 0.365700 ms CreateObjectMapping: 0.277400 ms MarkObjects: 3.334500 ms  DeleteObjects: 1.191000 ms)

========================================================================
Received Import Request.
  Time since last request: 27.735694 seconds.
  path: Assets/Prefabs/Fighters/EvilSword.prefab
  artifactKey: Guid(3750a3978e14164489fa6606f855cda1) Importer(815301076,1909f56bfc062723c751e8b465ee728b)
Start importing Assets/Prefabs/Fighters/EvilSword.prefab using Guid(3750a3978e14164489fa6606f855cda1) Importer(815301076,1909f56bfc062723c751e8b465ee728b)  -> (artifact id: '50b8284d50390d01333ab57e557d2c70') in 0.225550 seconds 
========================================================================
Received Prepare
Registering precompiled user dll's ...
Registered in 0.008859 seconds.
Begin MonoManager ReloadAssembly
Native extension for WindowsStandalone target not found
Native extension for WebGL target not found
Refreshing native plugins compatible for Editor in 0.88 ms, found 1 plugins.
Preloading 0 native plugins for Editor in 0.00 ms.
Warning: Annotation not found!
UnityEngine.StackTraceUtility:ExtractStackTrace ()
UnityEditor.ProBuilder.EditorUtility:SetGizmoIconEnabled (System.Type,bool) (at Library/PackageCache/com.unity.probuilder@5.0.3/Editor/EditorCore/EditorUtility.cs:575)
UnityEditor.ProBuilder.HierarchyListener:.cctor () (at Library/PackageCache/com.unity.probuilder@5.0.3/Editor/EditorCore/HierarchyListener.cs:21)
System.Runtime.CompilerServices.RuntimeHelpers:RunClassConstructor (System.RuntimeTypeHandle)
UnityEditor.EditorAssemblies:ProcessInitializeOnLoadAttributes (System.Type[])

[Library/PackageCache/com.unity.probuilder@5.0.3/Editor/EditorCore/EditorUtility.cs line 575]

Mono: successfully reloaded assembly
- Completed reload, in  1.475 seconds
Platform modules already initialized, skipping
Shader 'Universal Render Pipeline/Particles/Lit': fallback shader 'Universal Render Pipeline/Particles/SimpleLit' not found
Shader 'Universal Render Pipeline/Particles/Lit': fallback shader 'Universal Render Pipeline/Particles/SimpleLit' not found
Refreshing native plugins compatible for Editor in 0.81 ms, found 1 plugins.
Preloading 0 native plugins for Editor in 0.00 ms.
Unloading 4320 Unused Serialized files (Serialized files now loaded: 0)
System memory in use before: 178.0 MB.
System memory in use after: 175.9 MB.

Unloading 48 unused Assets to reduce memory usage. Loaded Objects now: 5013.
Total: 5.501000 ms (FindLiveObjects: 0.514100 ms CreateObjectMapping: 0.389800 ms MarkObjects: 3.287900 ms  DeleteObjects: 1.307500 ms)

========================================================================
Received Prepare
Registering precompiled user dll's ...
Registered in 0.007174 seconds.
Begin MonoManager ReloadAssembly
Native extension for WindowsStandalone target not found
Native extension for WebGL target not found
Refreshing native plugins compatible for Editor in 0.83 ms, found 1 plugins.
Preloading 0 native plugins for Editor in 0.00 ms.
Warning: Annotation not found!
UnityEngine.StackTraceUtility:ExtractStackTrace ()
UnityEditor.ProBuilder.EditorUtility:SetGizmoIconEnabled (System.Type,bool) (at Library/PackageCache/com.unity.probuilder@5.0.3/Editor/EditorCore/EditorUtility.cs:575)
UnityEditor.ProBuilder.HierarchyListener:.cctor () (at Library/PackageCache/com.unity.probuilder@5.0.3/Editor/EditorCore/HierarchyListener.cs:21)
System.Runtime.CompilerServices.RuntimeHelpers:RunClassConstructor (System.RuntimeTypeHandle)
UnityEditor.EditorAssemblies:ProcessInitializeOnLoadAttributes (System.Type[])

[Library/PackageCache/com.unity.probuilder@5.0.3/Editor/EditorCore/EditorUtility.cs line 575]

Mono: successfully reloaded assembly
- Completed reload, in  1.444 seconds
Platform modules already initialized, skipping
Shader 'Universal Render Pipeline/Particles/Lit': fallback shader 'Universal Render Pipeline/Particles/SimpleLit' not found
Shader 'Universal Render Pipeline/Particles/Lit': fallback shader 'Universal Render Pipeline/Particles/SimpleLit' not found
Refreshing native plugins compatible for Editor in 0.91 ms, found 1 plugins.
Preloading 0 native plugins for Editor in 0.00 ms.
Unloading 4320 Unused Serialized files (Serialized files now loaded: 0)
System memory in use before: 178.0 MB.
System memory in use after: 175.9 MB.

Unloading 48 unused Assets to reduce memory usage. Loaded Objects now: 5016.
Total: 5.015500 ms (FindLiveObjects: 0.520400 ms CreateObjectMapping: 0.390800 ms MarkObjects: 2.999300 ms  DeleteObjects: 1.102700 ms)

========================================================================
Received Prepare
Registering precompiled user dll's ...
Registered in 0.011009 seconds.
Begin MonoManager ReloadAssembly
Native extension for WindowsStandalone target not found
Native extension for WebGL target not found
Refreshing native plugins compatible for Editor in 1.26 ms, found 1 plugins.
Preloading 0 native plugins for Editor in 0.00 ms.
Warning: Annotation not found!
UnityEngine.StackTraceUtility:ExtractStackTrace ()
UnityEditor.ProBuilder.EditorUtility:SetGizmoIconEnabled (System.Type,bool) (at Library/PackageCache/com.unity.probuilder@5.0.3/Editor/EditorCore/EditorUtility.cs:575)
UnityEditor.ProBuilder.HierarchyListener:.cctor () (at Library/PackageCache/com.unity.probuilder@5.0.3/Editor/EditorCore/HierarchyListener.cs:21)
System.Runtime.CompilerServices.RuntimeHelpers:RunClassConstructor (System.RuntimeTypeHandle)
UnityEditor.EditorAssemblies:ProcessInitializeOnLoadAttributes (System.Type[])

[Library/PackageCache/com.unity.probuilder@5.0.3/Editor/EditorCore/EditorUtility.cs line 575]

Mono: successfully reloaded assembly
- Completed reload, in  1.490 seconds
Platform modules already initialized, skipping
Shader 'Universal Render Pipeline/Particles/Lit': fallback shader 'Universal Render Pipeline/Particles/SimpleLit' not found
Shader 'Universal Render Pipeline/Particles/Lit': fallback shader 'Universal Render Pipeline/Particles/SimpleLit' not found
Refreshing native plugins compatible for Editor in 0.79 ms, found 1 plugins.
Preloading 0 native plugins for Editor in 0.00 ms.
Unloading 4320 Unused Serialized files (Serialized files now loaded: 0)
System memory in use before: 178.0 MB.
System memory in use after: 175.9 MB.

Unloading 48 unused Assets to reduce memory usage. Loaded Objects now: 5019.
Total: 4.982300 ms (FindLiveObjects: 0.541000 ms CreateObjectMapping: 0.313100 ms MarkObjects: 3.101200 ms  DeleteObjects: 1.025300 ms)

AssetImportWorkerClient::OnTransportError - code=2 error=End of file
